
## Job started at 18-02-2023 as 11:27:10 #####################


## Jobs activated by olender: 

             JOBID PARTITION     NAME     USER ST       TIME  NODES NODELIST(REASON)
             23282 intel_lar amd_stro  olender  R       0:01      1 n07
             23273 intel_lar meshing/  olender  R    2:30:09      1 n06
             23272 amd_large amd_stro  olender  R    2:33:13      2 n[13-14]
             23269 intel_lar meshing/  olender  R    2:48:49      1 n05

## Execution node:         n07 


## Number of tasks per job: 20 


## Diretorio de submissao do job:   /home/olender/cse23/spyro 

For scale of 50 by 100
DoFs as Vdim
6946186
6946186
6946186
6946186
6946186
6946186
6946186
6946186
6946186
6946186
6946186
6946186
6946186
6946186
6946186
6946186
6946186
6946186
6946186
6946186
DoFs as data with halos
(355741,)
(354886,)
(354733,)
(356735,)
(355532,)
(356047,)
(355489,)
(355741,)
(355703,)
(354982,)
(355617,)
(357071,)
(354483,)
(355930,)
(354761,)
(355696,)
(356712,)
(355075,)
(355404,)
(355393,)
DoFs as data
(338328,)




For scale of 60 by 100
(343190,)
(351665,)
(341349,)
(350592,)
(342786,)
(346633,)
(351775,)
(344297,)
(350824,)
(336880,)
(343216,)
(351036,)
(348888,)
(355930,)
(342115,)
(346386,)
(355169,)
(350052,)
(355075,)
DoFs as Vdim
12178787
12178787
12178787
12178787
12178787
12178787
12178787
12178787
12178787
12178787
12178787
12178787
12178787
12178787
12178787
12178787
12178787
12178787
12178787
12178787
DoFs as data with halos
(622614,)
(620836,)
(621098,)
(621051,)
(622580,)
(620003,)
(619641,)
(621345,)
(620409,)
(620912,)
(621252,)
(620117,)
(623600,)
(619739,)
(621052,)
(620007,)
(619032,)
(621113,)
(619792,)
(620999,)
DoFs as data
(598243,)




For scale of 70 by 100
(611492,)
(600188,)
(608751,)
(609885,)
(602175,)
(608415,)
(604840,)
(613450,)
(615243,)
(602563,)
(610646,)
(613601,)
(603979,)
(613668,)
(601102,)
(608963,)
(616478,)
(612491,)
(622614,)
DoFs as Vdim
19445008
19445008
19445008
19445008
19445008
19445008
19445008
19445008
19445008
19445008
19445008
19445008
19445008
19445008
19445008
19445008
19445008
19445008
19445008
19445008
DoFs as data with halos
(987959,)
(989883,)
(989137,)
(988382,)
(987671,)
(987808,)
(991161,)
(990065,)
(987510,)
(988917,)
(987704,)
(990075,)
(987316,)
(989104,)
(988192,)
(989092,)
(989510,)
(988647,)
(990275,)
(986523,)
DoFs as data
(962231,)




For scale of 80 by 100
(972660,)
(965482,)
(957465,)
(979978,)
(963439,)
(962934,)
(975681,)
(971495,)
(987510,)
(958943,)
(965779,)
(983615,)
(969466,)
(984027,)
(965347,)
(968324,)
(984217,)
(976140,)
(990275,)
DoFs as Vdim
29198228
29198228
29198228
29198228
29198228
29198228
29198228
29198228
29198228
29198228
29198228
29198228
29198228
29198228
29198228
29198228
29198228
29198228
29198228
29198228
DoFs as data with halos
(1480848,)
(1481258,)
(1480093,)
(1482716,)
(1480369,)
(1481905,)
(1482436,)
(1486447,)
(1483116,)
(1481316,)
(1483488,)
(1486081,)
(1480799,)
(1483323,)
(1482339,)
(1484701,)
(1480894,)
(1481158,)
(1484278,)
DoFs as data
(1442117,)




For scale of 90 by 100
(1459992,)
(1454334,)
(1483713,)
(1445323,)
(1468225,)
(1436573,)
(1451641,)
(1463068,)
(1468562,)
(1480093,)
(1435695,)
(1445068,)
(1467702,)
(1469262,)
(1481436,)
(1448096,)
(1462873,)
(1468160,)
(1468103,)
(1481905,)
DoFs as Vdim
40926030
40926030
40926030
40926030
40926030
40926030
40926030
40926030
40926030
40926030
40926030
40926030
40926030
40926030
40926030
40926030
40926030
40926030
40926030
40926030
DoFs as data with halos
(2075132,)
(2070389,)
(2075373,)
(2073477,)
(2074586,)
(2076049,)
(2077352,)
(2074710,)
(2072993,)
(2074348,)
(2073057,)
(2074911,)
(2070399,)
(2071755,)
(2073209,)
(2075292,)
(2070893,)
(2070284,)
(2073707,)
(2074270,)
DoFs as data
(2034640,)




For scale of 130 by 100
(2034327,)
(2049704,)
(2032756,)
(2041803,)
(2018080,)
(2044464,)
(2052109,)
(2044040,)
(2071755,)
(2025480,)
(2053420,)
(2055235,)
(2034529,)
(2063970,)
(2035794,)
(2040759,)
(2063134,)
(2056324,)
(2073707,)
DoFs as Vdim
123893986
123893986
123893986
123893986
123893986
123893986
123893986
123893986
123893986
123893986
123893986
123893986
123893986
123893986
123893986
123893986
123893986
123893986
123893986
123893986
DoFs as data with halos
(6250902,)
(6250727,)
(6252742,)
(6250457,)
(6252328,)
(6252632,)
(6253766,)
(6250108,)
(6249483,)
(6250748,)
(6247170,)
(6253680,)
(6249020,)
(6254400,)
(6255370,)
(6252410,)
(6252845,)
(6255908,)
(6247237,)
(6250975,)
DoFs as data
(6161608,)




(6189596,)
(6189137,)
(6151725,)
(6182182,)
(6156368,)
(6171098,)
(6228884,)
(6218930,)
(6213199,)
(6158277,)
(6194832,)
(6228733,)
(6186046,)
(6213448,)
(6175126,)
(6200309,)
(6203181,)
(6224070,)
(6247237,)

## Job finished on 18-02-2023 as 11:33:38 ###################
