
## Job started at 18-02-2023 as 11:34:57 #####################


## Jobs activated by olender: 

             JOBID PARTITION     NAME     USER ST       TIME  NODES NODELIST(REASON)
             23283 intel_lar amd_stro  olender  R       0:01      1 n05
             23273 intel_lar meshing/  olender  R    2:37:56      1 n06
             23272 amd_large amd_stro  olender  R    2:41:00      2 n[13-14]

## Execution node:         n05 


## Number of tasks per job: 20 


## Diretorio de submissao do job:   /home/olender/cse23/spyro 

For scale of 100 by 100
DoFs as Vdim
56483391
56483391
56483391
56483391
56483391
56483391
56483391
56483391
56483391
56483391
56483391
56483391
56483391
56483391
56483391
56483391
56483391
56483391
56483391
56483391
DoFs as data with halos
(2856765,)
(2859332,)
(2856627,)
(2856147,)
(2859634,)
(2865752,)
(2855371,)
(2854343,)
(2859550,)
(2856888,)
(2855549,)
(2858736,)
(2862530,)
(2854907,)
(2859112,)
(2862299,)
(2857468,)
(2861988,)
(2854700,)
(2856196,)
DoFs as data
(2791881,)




For scale of 150 by 100
(2812791,)
(2801635,)
(2823318,)
(2848077,)
(2801342,)
(2824467,)
(2823603,)
(2821943,)
(2845784,)
(2807375,)
(2797003,)
(2838659,)
(2826701,)
(2848794,)
(2803544,)
(2834416,)
(2845529,)
(2831622,)
(2854907,)
DoFs as Vdim
191929868
191929868
191929868
191929868
191929868
191929868
191929868
191929868
191929868
191929868
191929868
191929868
191929868
191929868
191929868
191929868
191929868
191929868
191929868
191929868
DoFs as data with halos
(9669340,)
DoFs as data
(9667445,)
(9577309,)
(9671246,)
(9634367,)
(9675001,)
(9623286,)
(9679636,)
(9556248,)
(9671298,)
(9606107,)
(9672254,)
(9582543,)
(9672741,)
(9611555,)
(9674362,)
(9557607,)
(9668487,)
(9603335,)
(9674893,)
(9567601,)
(9672794,)
(9579038,)
(9667638,)
(9667638,)
(9668710,)
(9557843,)
(9668530,)
(9595567,)
(9679182,)
(9649839,)
(9669103,)
(9625622,)
(9672426,)
(9672426,)
(9512435,)




For scale of 200 by 100
(9674287,)
(9525956,)
(9669332,)
(9623546,)
DoFs as Vdim
458731829
458731829
458731829
458731829
458731829
458731829
458731829
458731829
458731829
458731829
458731829
458731829
458731829
458731829
458731829
458731829
458731829
458731829
458731829
458731829
DoFs as data with halos
(23073622,)
(23066730,)
(23076285,)
(23073441,)
(23074515,)
(23071011,)
(23068818,)
(23065667,)
(23080171,)
(23070700,)
(23089647,)
(23086861,)
(23075039,)
(23071351,)
(23089123,)
(23071999,)
(23068569,)
(23067072,)
(23063364,)
(23063364,)
DoFs as data
(22729012,)




(22828950,)
(22951237,)
(22954434,)
(22990364,)
(22807257,)
(22877067,)
(23086898,)
(22966904,)
(22967610,)
(23080171,)
(22770243,)
(22910118,)
(23059293,)
(22940287,)
(23012575,)
(22885263,)
(22969751,)
(22983744,)
(22984185,)

## Job finished on 18-02-2023 as 11:56:16 ###################
