
## Job started at 18-02-2023 as 11:20:09 #####################


## Jobs activated by olender: 

             JOBID PARTITION     NAME     USER ST       TIME  NODES NODELIST(REASON)
             23281 intel_lar amd_stro  olender  R       0:01      1 n07
             23273 intel_lar meshing/  olender  R    2:23:08      1 n06
             23272 amd_large amd_stro  olender  R    2:26:12      2 n[13-14]
             23269 intel_lar meshing/  olender  R    2:41:48      1 n05

## Execution node:         n07 


## Number of tasks per job: 20 


## Diretorio de submissao do job:   /home/olender/cse23/spyro 

For scale of 10 by 100
DoFs as Vdim
49508
49508
49508
49508
49508
49508
49508
49508
49508
49508
49508
49508
49508
49508
49508
49508
49508
49508
49508
49508
DoFs as data with halos
(2744,)
(2777,)
(2575,)
(2835,)
(2343,)
(2788,)
(2367,)
(2755,)
(2231,)
(2777,)
(2251,)
(2793,)
(2656,)
(2731,)
(2731,)
(2756,)
(2358,)
(2760,)
(2430,)
(2801,)
(2310,)
(2790,)
(2563,)
(2788,)
(2788,)
(2780,)
(2335,)
(2718,)
(2490,)
(2795,)
(2609,)
(2773,)
(2566,)
(2777,)
(2777,)
DoFs as data
(2336,)




For scale of 20 by 100
(2814,)
(2285,)
(2856,)
(2507,)
DoFs as Vdim
433228
433228
433228
433228
433228
433228
433228
433228
433228
433228
433228
433228
433228
433228
433228
433228
(22945,)
433228
(22758,)
433228
(22895,)
(22319,)
433228
(22827,)
(22039,)
433228
(23050,)
(23050,)
DoFs as data with halos
(22844,)
DoFs as data
(20939,)




For scale of 30 by 100
(22763,)
(21646,)
(22901,)
(21566,)
(23063,)
(20964,)
(22830,)
(21156,)
(23013,)
(21090,)
(22780,)
(21702,)
(23127,)
(22344,)
(22682,)
(21467,)
(22915,)
(22036,)
(22820,)
(20372,)
(22798,)
(21106,)
(22920,)
(21769,)
(22884,)
(22117,)
(22860,)
(22860,)
(20895,)
(21791,)
DoFs as Vdim
1512303
1512303
1512303
1512303
1512303
1512303
1512303
1512303
1512303
1512303
1512303
1512303
1512303
1512303
DoFs as data with halos
1512303
(78572,)
1512303
(78624,)
1512303
(78418,)
(74885,)
1512303
(78504,)
(76945,)
1512303
(78345,)
(77547,)
1512303
(78603,)
(78603,)
(78543,)
DoFs as data
(72230,)




For scale of 40 by 100
(78993,)
(72752,)
(78610,)
(76011,)
(78406,)
(75972,)
(77057,)
(78886,)
(72884,)
(78486,)
(76079,)
(78388,)
(76579,)
(76293,)
(78333,)
(75848,)
(78636,)
(73248,)
(78312,)
(75787,)
(78371,)
(73883,)
(78559,)
(75213,)
(78673,)
(77932,)
(78577,)
(76555,)
DoFs as Vdim
3642033
3642033
3642033
3642033
3642033
3642033
3642033
3642033
3642033
3642033
3642033
3642033
3642033
3642033
3642033
3642033
3642033
3642033
(187704,)
3642033
(186942,)
3642033
(186614,)
(186614,)
DoFs as data with halos
(188466,)
DoFs as data
(176058,)




For scale of 50 by 100
(188160,)
(180464,)
(187856,)
(184521,)
(188258,)
(178153,)
(187554,)
(183471,)
(186835,)
(178817,)
(187786,)
(178963,)
(188488,)
(183423,)
(187911,)
(181657,)
(187562,)
(187562,)
(187661,)
(176841,)
(188129,)
(179982,)
(188157,)
(181950,)
(187612,)
(184464,)
(187375,)
(187375,)
(187319,)
(179024,)
(187057,)
(183566,)
(185434,)
(183694,)
DoFs as Vdim
6946186
6946186
6946186
6946186
6946186
6946186
6946186
6946186
6946186
6946186
6946186
6946186
6946186
6946186
6946186
6946186
6946186
6946186
6946186
6946186
DoFs as data with halos
(354886,)
(354733,)
(356735,)
(355532,)
(356047,)
(355404,)
(355489,)
(355741,)
(355703,)
(354982,)
(336880,)
(355617,)
(343216,)
(357071,)
(351036,)
(354483,)
(348888,)
(355930,)
(355930,)
(354761,)
(342115,)
(355696,)
(346386,)
(356712,)
(355169,)
(355741,)
(350052,)
(355075,)
(355075,)
(355393,)
DoFs as data
(338328,)




For scale of 60 by 100
(343190,)
(351665,)
(341349,)
(350592,)
(342786,)
(346633,)
(351775,)
(344297,)
(350824,)
DoFs as Vdim
12178787
12178787
12178787
12178787
12178787
12178787
12178787
12178787
12178787
12178787
12178787
12178787
12178787
12178787
12178787
12178787
12178787
12178787
12178787
12178787
DoFs as data with halos
(621345,)
(623600,)
(621052,)
(620836,)
(621098,)
(621051,)
(622580,)
(620003,)
(619641,)
(620409,)
(620912,)
(621252,)
(620117,)
(619739,)
(620007,)
(619032,)
(621113,)
(619792,)
(622614,)
(620999,)
DoFs as data
(598243,)




For scale of 70 by 100
(611492,)
(600188,)
(608751,)
(609885,)
(602175,)
(608415,)
(604840,)
(613450,)
(615243,)
(602563,)
(610646,)
(613601,)
(603979,)
(613668,)
(601102,)
(608963,)
(616478,)
(612491,)
(622614,)
DoFs as Vdim
19445008
19445008
19445008
19445008
19445008
19445008
19445008
19445008
19445008
19445008
19445008
19445008
19445008
19445008
19445008
19445008
19445008
19445008
19445008
19445008
DoFs as data with halos
(987671,)
(987959,)
(989883,)
(989137,)
(988382,)
(987808,)
(991161,)
(990065,)
(987510,)
(988917,)
(987704,)
(990075,)
(987316,)
(989104,)
(988192,)
(989092,)
(989510,)
(988647,)
(990275,)
(986523,)
DoFs as data
(962231,)




For scale of 80 by 100
(972660,)
(965482,)
(957465,)
(979978,)
(963439,)
(962934,)
(975681,)
(971495,)
(987510,)
(958943,)
(965779,)
(983615,)
(969466,)
(984027,)
(965347,)
(968324,)
(984217,)
(976140,)
(990275,)
DoFs as Vdim
29198228
29198228
29198228
29198228
29198228
29198228
29198228
29198228
29198228
29198228
29198228
29198228
29198228
29198228
29198228
29198228
29198228
29198228
29198228
29198228
DoFs as data with halos
(1480093,)
(1481158,)
(1480369,)
(1482436,)
(1483713,)
(1481258,)
(1486081,)
(1483323,)
(1484701,)
(1480894,)
(1482716,)
(1481905,)
(1484278,)
(1481316,)
(1480799,)
(1482339,)
(1480848,)
(1483488,)
(1486447,)
(1483116,)
DoFs as data
(1442117,)




For scale of 90 by 100
(1459992,)
(1454334,)
(1445323,)
(1468225,)
(1436573,)
(1451641,)
(1463068,)
(1468562,)
(1480093,)
(1435695,)
(1445068,)
(1467702,)
(1469262,)
(1481436,)
(1448096,)
(1462873,)
(1468160,)
(1468103,)
(1481905,)
DoFs as Vdim
40926030
40926030
40926030
40926030
40926030
40926030
40926030
40926030
40926030
40926030
40926030
40926030
40926030
40926030
40926030
40926030
40926030
40926030
40926030
40926030
DoFs as data with halos
(2077352,)
(2070893,)
(2073707,)
(2074348,)
(2075132,)
(2073057,)
(2074911,)
(2070399,)
(2070389,)
(2075373,)
(2073477,)
(2071755,)
(2074586,)
(2076049,)
(2074710,)
(2073209,)
(2075292,)
(2072993,)
(2070284,)
(2074270,)
DoFs as data
(2034640,)




For scale of 130 by 100
(2034327,)
(2049704,)
(2032756,)
(2041803,)
(2018080,)
(2044464,)
(2052109,)
(2044040,)
(2071755,)
(2025480,)
(2053420,)
(2055235,)
(2034529,)
(2063970,)
(2035794,)
(2040759,)
(2063134,)
(2056324,)
(2073707,)
DoFs as Vdim
123893986
123893986
123893986
123893986
123893986
123893986
123893986
123893986
123893986
123893986
123893986
123893986
123893986
123893986
123893986
123893986
123893986
123893986
123893986
123893986
DoFs as data with halos
(6250975,)
DoFs as data
(6250902,)
(6189596,)
(6250727,)
(6189137,)
(6252742,)
(6151725,)
(6250457,)
(6182182,)
(6252328,)
(6156368,)
(6252632,)
(6171098,)
(6253766,)
(6228884,)
(6250108,)
(6218930,)
(6249483,)
(6213199,)
(6250748,)
(6158277,)
(6247170,)
(6194832,)
(6253680,)
(6228733,)
(6249020,)
(6186046,)
(6254400,)
(6213448,)
(6255370,)
(6175126,)
(6252410,)
(6200309,)
(6252845,)
(6203181,)
(6255908,)
(6224070,)
(6247237,)
(6247237,)
(6161608,)





## Job finished on 18-02-2023 as 11:26:44 ###################
