
## Job started at 17-02-2023 as 09:23:39 #####################


## Jobs activated by olender: 

             JOBID PARTITION     NAME     USER ST       TIME  NODES NODELIST(REASON)
             23249 intel_lar meshing/  olender  R       0:00      1 n07
             23247 intel_lar amd_stro  olender  R      12:01      2 n[05-06]

## Execution node:         n07 


## Number of tasks per job: 1 


## Diretorio de submissao do job:   /home/olender/cse23/spyro 

Meshing with M=3.6
Entering mesh generation
Will attempt 200 iterations to bound the dihedral angles...
Enforcing a min. dihedral bound of: 10.0 degrees...
Enforcing a max. dihedral bound of: 180.0 degrees...
Commencing sliver removal with 20710646 vertices on rank 0.
On rank: 0 There are 1336279 slivers...
On rank: 0 There are 591581 slivers...
On rank: 0 There are 243067 slivers...
On rank: 0 There are 111846 slivers...
On rank: 0 There are 57831 slivers...
On rank: 0 There are 34718 slivers...
On rank: 0 There are 23032 slivers...
On rank: 0 There are 17001 slivers...
On rank: 0 There are 13014 slivers...
On rank: 0 There are 10449 slivers...
On rank: 0 There are 8516 slivers...
On rank: 0 There are 7280 slivers...
On rank: 0 There are 6157 slivers...
On rank: 0 There are 5417 slivers...
On rank: 0 There are 4787 slivers...
On rank: 0 There are 4235 slivers...
On rank: 0 There are 3741 slivers...
On rank: 0 There are 3307 slivers...
On rank: 0 There are 2970 slivers...
On rank: 0 There are 2665 slivers...
On rank: 0 There are 2316 slivers...
On rank: 0 There are 2169 slivers...
On rank: 0 There are 1974 slivers...
On rank: 0 There are 1829 slivers...
On rank: 0 There are 1639 slivers...
On rank: 0 There are 1528 slivers...
On rank: 0 There are 1366 slivers...
On rank: 0 There are 1239 slivers...
On rank: 0 There are 1098 slivers...
On rank: 0 There are 1017 slivers...
On rank: 0 There are 938 slivers...
On rank: 0 There are 835 slivers...
On rank: 0 There are 735 slivers...
On rank: 0 There are 638 slivers...
On rank: 0 There are 535 slivers...
On rank: 0 There are 491 slivers...
On rank: 0 There are 412 slivers...
On rank: 0 There are 363 slivers...
On rank: 0 There are 324 slivers...
On rank: 0 There are 289 slivers...
On rank: 0 There are 278 slivers...
On rank: 0 There are 253 slivers...
On rank: 0 There are 235 slivers...
On rank: 0 There are 221 slivers...
On rank: 0 There are 196 slivers...
On rank: 0 There are 153 slivers...
On rank: 0 There are 134 slivers...
On rank: 0 There are 126 slivers...
On rank: 0 There are 113 slivers...
On rank: 0 There are 94 slivers...
On rank: 0 There are 83 slivers...
On rank: 0 There are 75 slivers...
On rank: 0 There are 75 slivers...
On rank: 0 There are 37 slivers...
On rank: 0 There are 26 slivers...
On rank: 0 There are 19 slivers...
On rank: 0 There are 16 slivers...
On rank: 0 There are 17 slivers...
On rank: 0 There are 13 slivers...
On rank: 0 There are 14 slivers...
On rank: 0 There are 13 slivers...
On rank: 0 There are 7 slivers...
On rank: 0 There are 4 slivers...
On rank: 0 There are 5 slivers...
On rank: 0 There are 2 slivers...
On rank: 0 There are 0 slivers...
Termination reached in 65 iterations...no slivers detected!
entering spatial rank 0 after mesh generation
Finishing mesh generation
Meshing with M=3.6
Entering mesh generation
