
## Job started at 16-02-2023 as 11:15:55 #####################


## Jobs activated by olender: 

             JOBID PARTITION     NAME     USER ST       TIME  NODES NODELIST(REASON)
             23232 intel_lar amd_stro  olender PD       0:00      2 (QOSMaxNodePerUserLimit)
             23233 intel_lar amd_stro  olender PD       0:00      2 (QOSMaxNodePerUserLimit)
             23225 intel_lar amd_stro  olender  R    2:39:23      2 n[07-08]
             23224 intel_lar amd_stro  olender  R    2:39:26      2 n[05-06]
             23235 intel_sma meshing/  olender  R       0:00      1 n18

## Execution node:         n18 


## Number of tasks per job: 1 


## Diretorio de submissao do job:   /home/olender/cse23/spyro 

Meshing with M=3.6
Entering mesh generation
Will attempt 200 iterations to bound the dihedral angles...
Enforcing a min. dihedral bound of: 10.0 degrees...
Enforcing a max. dihedral bound of: 180.0 degrees...
Commencing sliver removal with 773689 vertices on rank 0.
On rank: 0 There are 7642 slivers...
On rank: 0 There are 2341 slivers...
On rank: 0 There are 843 slivers...
On rank: 0 There are 362 slivers...
On rank: 0 There are 168 slivers...
On rank: 0 There are 84 slivers...
On rank: 0 There are 48 slivers...
On rank: 0 There are 37 slivers...
On rank: 0 There are 17 slivers...
On rank: 0 There are 12 slivers...
On rank: 0 There are 8 slivers...
On rank: 0 There are 12 slivers...
On rank: 0 There are 4 slivers...
On rank: 0 There are 6 slivers...
On rank: 0 There are 5 slivers...
On rank: 0 There are 7 slivers...
On rank: 0 There are 2 slivers...
On rank: 0 There are 0 slivers...
Termination reached in 17 iterations...no slivers detected!
entering spatial rank 0 after mesh generation
Finishing mesh generation

## Job finished on 16-02-2023 as 11:38:24 ###################
