
## Job started at 16-02-2023 as 13:07:45 #####################


## Jobs activated by olender: 

             JOBID PARTITION     NAME     USER ST       TIME  NODES NODELIST(REASON)
             23238 intel_lar amd_stro  olender PD       0:00      2 (QOSMaxNodePerUserLimit)
             23239 intel_lar amd_stro  olender PD       0:00      2 (QOSMaxNodePerUserLimit)
             23240 intel_lar amd_stro  olender PD       0:00      2 (QOSMaxNodePerUserLimit)
             23241 intel_lar amd_stro  olender PD       0:00      2 (QOSMaxNodePerUserLimit)
             23232 intel_lar amd_stro  olender  R    1:32:41      2 n[05-06]
             23233 intel_lar amd_stro  olender  R    1:32:41      2 n[07-08]
             23243 intel_sma meshing/  olender  R       0:00      1 n18

## Execution node:         n18 


## Number of tasks per job: 1 


## Diretorio de submissao do job:   /home/olender/cse23/spyro 

Meshing with M=3.6
Entering mesh generation
Will attempt 200 iterations to bound the dihedral angles...
Enforcing a min. dihedral bound of: 10.0 degrees...
Enforcing a max. dihedral bound of: 180.0 degrees...
Commencing sliver removal with 773689 vertices on rank 0.
On rank: 0 There are 7642 slivers...
On rank: 0 There are 2341 slivers...
On rank: 0 There are 846 slivers...
On rank: 0 There are 363 slivers...
On rank: 0 There are 168 slivers...
On rank: 0 There are 81 slivers...
On rank: 0 There are 45 slivers...
On rank: 0 There are 38 slivers...
On rank: 0 There are 20 slivers...
On rank: 0 There are 13 slivers...
On rank: 0 There are 10 slivers...
On rank: 0 There are 14 slivers...
On rank: 0 There are 5 slivers...
On rank: 0 There are 9 slivers...
On rank: 0 There are 9 slivers...
On rank: 0 There are 12 slivers...
On rank: 0 There are 9 slivers...
On rank: 0 There are 7 slivers...
On rank: 0 There are 6 slivers...
On rank: 0 There are 2 slivers...
On rank: 0 There are 2 slivers...
On rank: 0 There are 2 slivers...
On rank: 0 There are 2 slivers...
On rank: 0 There are 1 slivers...
On rank: 0 There are 0 slivers...
Termination reached in 24 iterations...no slivers detected!
entering spatial rank 0 after mesh generation
Finishing mesh generation
Meshing with M=3.6
Entering mesh generation
Will attempt 200 iterations to bound the dihedral angles...
Enforcing a min. dihedral bound of: 10.0 degrees...
Enforcing a max. dihedral bound of: 180.0 degrees...
Commencing sliver removal with 6189743 vertices on rank 0.
On rank: 0 There are 325735 slivers...
On rank: 0 There are 127443 slivers...
On rank: 0 There are 47507 slivers...
On rank: 0 There are 18719 slivers...
On rank: 0 There are 8348 slivers...
On rank: 0 There are 4223 slivers...
On rank: 0 There are 2484 slivers...
On rank: 0 There are 1683 slivers...
On rank: 0 There are 1224 slivers...
On rank: 0 There are 954 slivers...
On rank: 0 There are 809 slivers...
On rank: 0 There are 700 slivers...
On rank: 0 There are 618 slivers...
On rank: 0 There are 571 slivers...
On rank: 0 There are 487 slivers...
On rank: 0 There are 473 slivers...
On rank: 0 There are 424 slivers...
On rank: 0 There are 364 slivers...
On rank: 0 There are 357 slivers...
On rank: 0 There are 333 slivers...
On rank: 0 There are 327 slivers...
On rank: 0 There are 301 slivers...
On rank: 0 There are 276 slivers...
On rank: 0 There are 232 slivers...
On rank: 0 There are 222 slivers...
On rank: 0 There are 202 slivers...
On rank: 0 There are 171 slivers...
On rank: 0 There are 162 slivers...
On rank: 0 There are 175 slivers...
On rank: 0 There are 181 slivers...
On rank: 0 There are 181 slivers...
On rank: 0 There are 105 slivers...
On rank: 0 There are 86 slivers...
On rank: 0 There are 59 slivers...
On rank: 0 There are 43 slivers...
On rank: 0 There are 36 slivers...
On rank: 0 There are 46 slivers...
On rank: 0 There are 40 slivers...
On rank: 0 There are 34 slivers...
On rank: 0 There are 32 slivers...
On rank: 0 There are 39 slivers...
On rank: 0 There are 42 slivers...
On rank: 0 There are 31 slivers...
On rank: 0 There are 30 slivers...
On rank: 0 There are 28 slivers...
On rank: 0 There are 29 slivers...
On rank: 0 There are 31 slivers...
On rank: 0 There are 27 slivers...
On rank: 0 There are 29 slivers...
On rank: 0 There are 21 slivers...
On rank: 0 There are 23 slivers...
On rank: 0 There are 23 slivers...
On rank: 0 There are 8 slivers...
On rank: 0 There are 11 slivers...
On rank: 0 There are 6 slivers...
On rank: 0 There are 4 slivers...
On rank: 0 There are 2 slivers...
On rank: 0 There are 1 slivers...
On rank: 0 There are 1 slivers...
On rank: 0 There are 0 slivers...
Termination reached in 59 iterations...no slivers detected!
entering spatial rank 0 after mesh generation
Finishing mesh generation
Meshing with M=3.6
Entering mesh generation
