
## Job started at 18-02-2023 as 08:38:21 #####################


## Jobs activated by olender: 

             JOBID PARTITION     NAME     USER ST       TIME  NODES NODELIST(REASON)
             23262 amd_large amd_stro  olender  R      14:05      2 n[13-14]
             23269 intel_lar meshing/  olender  R       0:00      1 n05

## Execution node:         n05 


## Number of tasks per job: 1 


## Diretorio de submissao do job:   /home/olender/cse23/spyro 

Meshing with M=3.6
Entering mesh generation
Will attempt 200 iterations to bound the dihedral angles...
Enforcing a min. dihedral bound of: 10.0 degrees...
Enforcing a max. dihedral bound of: 180.0 degrees...
Commencing sliver removal with 97538 vertices on rank 0.
On rank: 0 There are 3474 slivers...
On rank: 0 There are 718 slivers...
On rank: 0 There are 228 slivers...
On rank: 0 There are 83 slivers...
On rank: 0 There are 41 slivers...
On rank: 0 There are 22 slivers...
On rank: 0 There are 13 slivers...
On rank: 0 There are 6 slivers...
On rank: 0 There are 3 slivers...
On rank: 0 There are 2 slivers...
On rank: 0 There are 2 slivers...
On rank: 0 There are 1 slivers...
On rank: 0 There are 2 slivers...
On rank: 0 There are 0 slivers...
Termination reached in 13 iterations...no slivers detected!
entering spatial rank 0 after mesh generation
Finishing mesh generation
Meshing with M=3.6
Entering mesh generation
Will attempt 200 iterations to bound the dihedral angles...
Enforcing a min. dihedral bound of: 10.0 degrees...
Enforcing a max. dihedral bound of: 180.0 degrees...
Commencing sliver removal with 2603747 vertices on rank 0.
On rank: 0 There are 94323 slivers...
On rank: 0 There are 34451 slivers...
On rank: 0 There are 12380 slivers...
On rank: 0 There are 4636 slivers...
On rank: 0 There are 1969 slivers...
On rank: 0 There are 967 slivers...
On rank: 0 There are 572 slivers...
On rank: 0 There are 379 slivers...
On rank: 0 There are 286 slivers...
On rank: 0 There are 226 slivers...
On rank: 0 There are 178 slivers...
On rank: 0 There are 145 slivers...
On rank: 0 There are 128 slivers...
On rank: 0 There are 88 slivers...
On rank: 0 There are 79 slivers...
On rank: 0 There are 64 slivers...
On rank: 0 There are 56 slivers...
On rank: 0 There are 46 slivers...
On rank: 0 There are 44 slivers...
On rank: 0 There are 46 slivers...
On rank: 0 There are 43 slivers...
On rank: 0 There are 47 slivers...
On rank: 0 There are 36 slivers...
On rank: 0 There are 26 slivers...
On rank: 0 There are 22 slivers...
On rank: 0 There are 20 slivers...
On rank: 0 There are 26 slivers...
On rank: 0 There are 24 slivers...
On rank: 0 There are 20 slivers...
On rank: 0 There are 23 slivers...
On rank: 0 There are 21 slivers...
On rank: 0 There are 13 slivers...
On rank: 0 There are 11 slivers...
On rank: 0 There are 8 slivers...
On rank: 0 There are 5 slivers...
On rank: 0 There are 8 slivers...
On rank: 0 There are 10 slivers...
On rank: 0 There are 5 slivers...
On rank: 0 There are 3 slivers...
On rank: 0 There are 3 slivers...
On rank: 0 There are 3 slivers...
On rank: 0 There are 1 slivers...
On rank: 0 There are 1 slivers...
On rank: 0 There are 1 slivers...
On rank: 0 There are 1 slivers...
On rank: 0 There are 1 slivers...
On rank: 0 There are 0 slivers...
Termination reached in 46 iterations...no slivers detected!
entering spatial rank 0 after mesh generation
Finishing mesh generation
Meshing with M=3.6
Entering mesh generation
