
## Job started at 22-02-2023 as 08:28:32 #####################


## Jobs activated by olender: 

             JOBID PARTITION     NAME     USER ST       TIME  NODES NODELIST(REASON)
             23296 intel_lar amd_stro  olender PD       0:00      5 (QOSMaxNodePerUserLimit)
             23297 intel_lar amd_stro  olender PD       0:00      5 (QOSMaxNodePerUserLimit)
             23298 intel_lar amd_stro  olender PD       0:00      5 (QOSMaxNodePerUserLimit)
             23299 intel_lar amd_stro  olender PD       0:00      5 (QOSMaxNodePerUserLimit)
             23300 intel_lar amd_stro  olender PD       0:00      5 (QOSMaxNodePerUserLimit)
             23301 intel_lar amd_stro  olender PD       0:00      5 (QOSMaxNodePerUserLimit)
             23302 intel_lar amd_stro  olender PD       0:00      5 (QOSMaxNodePerUserLimit)
             23303 intel_lar amd_stro  olender PD       0:00      5 (QOSMaxNodePerUserLimit)
             23304 intel_lar amd_stro  olender PD       0:00      5 (QOSMaxNodePerUserLimit)
             23305 intel_lar amd_stro  olender PD       0:00      5 (QOSMaxNodePerUserLimit)
             23306 intel_lar amd_stro  olender PD       0:00      5 (QOSMaxNodePerUserLimit)
             23307 intel_lar amd_stro  olender PD       0:00      5 (QOSMaxNodePerUserLimit)
             23308 intel_lar amd_stro  olender PD       0:00      5 (QOSMaxNodePerUserLimit)
             23309 intel_lar amd_stro  olender PD       0:00      5 (QOSMaxNodePerUserLimit)
             23310 intel_lar amd_stro  olender PD       0:00      5 (QOSMaxNodePerUserLimit)
             23311 intel_lar amd_stro  olender PD       0:00      5 (QOSMaxNodePerUserLimit)
             23312 intel_lar amd_stro  olender PD       0:00      5 (QOSMaxNodePerUserLimit)
             23315 intel_lar amd_stro  olender PD       0:00      4 (QOSMaxNodePerUserLimit)
             23316 intel_lar amd_stro  olender PD       0:00      4 (QOSMaxNodePerUserLimit)
             23317 intel_lar amd_stro  olender PD       0:00      4 (QOSMaxNodePerUserLimit)
             23318 intel_lar amd_stro  olender PD       0:00      4 (QOSMaxNodePerUserLimit)
             23319 intel_lar amd_stro  olender PD       0:00      4 (QOSMaxNodePerUserLimit)
             23320 intel_lar amd_stro  olender PD       0:00      4 (QOSMaxNodePerUserLimit)
             23321 intel_lar amd_stro  olender PD       0:00      4 (QOSMaxNodePerUserLimit)
             23322 intel_lar amd_stro  olender PD       0:00      4 (QOSMaxNodePerUserLimit)
             23323 intel_lar amd_stro  olender PD       0:00      4 (QOSMaxNodePerUserLimit)
             23324 intel_lar amd_stro  olender PD       0:00      4 (QOSMaxNodePerUserLimit)
             23325 intel_lar amd_stro  olender PD       0:00      4 (QOSMaxNodePerUserLimit)
             23326 intel_lar amd_stro  olender PD       0:00      4 (QOSMaxNodePerUserLimit)
             23327 intel_lar amd_stro  olender PD       0:00      4 (QOSMaxNodePerUserLimit)
             23331 intel_lar intel_st  olender PD       0:00      1 (Resources)
             23314 intel_lar amd_stro  olender  R    3:51:53      4 n[06-08,10]
             23336 amd_large meshing/  olender  R       0:00      1 n13

## Execution node:         n13 


## Number of tasks per job: 1 


## Diretorio de submissao do job:   /home/olender/cse23/spyro 

Meshing with scale div 100=42
Entering mesh generation
Will attempt 200 iterations to bound the dihedral angles...
Enforcing a min. dihedral bound of: 10.0 degrees...
Enforcing a max. dihedral bound of: 180.0 degrees...
Commencing sliver removal with 58851 vertices on rank 0.
On rank: 0 There are 1578 slivers...
On rank: 0 There are 302 slivers...
On rank: 0 There are 75 slivers...
On rank: 0 There are 24 slivers...
On rank: 0 There are 6 slivers...
On rank: 0 There are 2 slivers...
On rank: 0 There are 0 slivers...
Termination reached in 6 iterations...no slivers detected!
entering spatial rank 0 after mesh generation
Finishing mesh generation
Meshing with scale div 100=44
Entering mesh generation
Will attempt 200 iterations to bound the dihedral angles...
Enforcing a min. dihedral bound of: 10.0 degrees...
Enforcing a max. dihedral bound of: 180.0 degrees...
Commencing sliver removal with 67611 vertices on rank 0.
On rank: 0 There are 1842 slivers...
On rank: 0 There are 299 slivers...
On rank: 0 There are 79 slivers...
On rank: 0 There are 27 slivers...
On rank: 0 There are 5 slivers...
On rank: 0 There are 2 slivers...
On rank: 0 There are 2 slivers...
On rank: 0 There are 0 slivers...
Termination reached in 7 iterations...no slivers detected!
entering spatial rank 0 after mesh generation
Finishing mesh generation
Meshing with scale div 100=46
Entering mesh generation
Will attempt 200 iterations to bound the dihedral angles...
Enforcing a min. dihedral bound of: 10.0 degrees...
Enforcing a max. dihedral bound of: 180.0 degrees...
Commencing sliver removal with 77326 vertices on rank 0.
On rank: 0 There are 2825 slivers...
On rank: 0 There are 656 slivers...
On rank: 0 There are 223 slivers...
On rank: 0 There are 90 slivers...
On rank: 0 There are 40 slivers...
On rank: 0 There are 15 slivers...
On rank: 0 There are 12 slivers...
On rank: 0 There are 7 slivers...
On rank: 0 There are 4 slivers...
On rank: 0 There are 2 slivers...
On rank: 0 There are 1 slivers...
On rank: 0 There are 0 slivers...
Termination reached in 11 iterations...no slivers detected!
entering spatial rank 0 after mesh generation
Finishing mesh generation
Meshing with scale div 100=48
Entering mesh generation
Will attempt 200 iterations to bound the dihedral angles...
Enforcing a min. dihedral bound of: 10.0 degrees...
Enforcing a max. dihedral bound of: 180.0 degrees...
Commencing sliver removal with 86222 vertices on rank 0.
On rank: 0 There are 2114 slivers...
On rank: 0 There are 356 slivers...
On rank: 0 There are 86 slivers...
On rank: 0 There are 36 slivers...
On rank: 0 There are 11 slivers...
On rank: 0 There are 8 slivers...
On rank: 0 There are 7 slivers...
On rank: 0 There are 3 slivers...
On rank: 0 There are 0 slivers...
Termination reached in 8 iterations...no slivers detected!
entering spatial rank 0 after mesh generation
Finishing mesh generation

## Job finished on 22-02-2023 as 08:39:49 ###################
