
## Job started at 22-02-2023 as 08:47:47 #####################


## Jobs activated by olender: 

             JOBID PARTITION     NAME     USER ST       TIME  NODES NODELIST(REASON)
             23296 intel_lar amd_stro  olender PD       0:00      5 (QOSMaxNodePerUserLimit)
             23297 intel_lar amd_stro  olender PD       0:00      5 (QOSMaxNodePerUserLimit)
             23298 intel_lar amd_stro  olender PD       0:00      5 (QOSMaxNodePerUserLimit)
             23299 intel_lar amd_stro  olender PD       0:00      5 (QOSMaxNodePerUserLimit)
             23300 intel_lar amd_stro  olender PD       0:00      5 (QOSMaxNodePerUserLimit)
             23301 intel_lar amd_stro  olender PD       0:00      5 (QOSMaxNodePerUserLimit)
             23302 intel_lar amd_stro  olender PD       0:00      5 (QOSMaxNodePerUserLimit)
             23303 intel_lar amd_stro  olender PD       0:00      5 (QOSMaxNodePerUserLimit)
             23304 intel_lar amd_stro  olender PD       0:00      5 (QOSMaxNodePerUserLimit)
             23305 intel_lar amd_stro  olender PD       0:00      5 (QOSMaxNodePerUserLimit)
             23306 intel_lar amd_stro  olender PD       0:00      5 (QOSMaxNodePerUserLimit)
             23307 intel_lar amd_stro  olender PD       0:00      5 (QOSMaxNodePerUserLimit)
             23308 intel_lar amd_stro  olender PD       0:00      5 (QOSMaxNodePerUserLimit)
             23309 intel_lar amd_stro  olender PD       0:00      5 (QOSMaxNodePerUserLimit)
             23310 intel_lar amd_stro  olender PD       0:00      5 (QOSMaxNodePerUserLimit)
             23311 intel_lar amd_stro  olender PD       0:00      5 (QOSMaxNodePerUserLimit)
             23312 intel_lar amd_stro  olender PD       0:00      5 (QOSMaxNodePerUserLimit)
             23315 intel_lar amd_stro  olender PD       0:00      4 (QOSMaxNodePerUserLimit)
             23316 intel_lar amd_stro  olender PD       0:00      4 (QOSMaxNodePerUserLimit)
             23317 intel_lar amd_stro  olender PD       0:00      4 (QOSMaxNodePerUserLimit)
             23318 intel_lar amd_stro  olender PD       0:00      4 (QOSMaxNodePerUserLimit)
             23319 intel_lar amd_stro  olender PD       0:00      4 (QOSMaxNodePerUserLimit)
             23320 intel_lar amd_stro  olender PD       0:00      4 (QOSMaxNodePerUserLimit)
             23321 intel_lar amd_stro  olender PD       0:00      4 (QOSMaxNodePerUserLimit)
             23322 intel_lar amd_stro  olender PD       0:00      4 (QOSMaxNodePerUserLimit)
             23323 intel_lar amd_stro  olender PD       0:00      4 (QOSMaxNodePerUserLimit)
             23324 intel_lar amd_stro  olender PD       0:00      4 (QOSMaxNodePerUserLimit)
             23325 intel_lar amd_stro  olender PD       0:00      4 (QOSMaxNodePerUserLimit)
             23326 intel_lar amd_stro  olender PD       0:00      4 (QOSMaxNodePerUserLimit)
             23327 intel_lar amd_stro  olender PD       0:00      4 (QOSMaxNodePerUserLimit)
             23331 intel_lar intel_st  olender PD       0:00      1 (Resources)
             23314 intel_lar amd_stro  olender  R    4:11:08      4 n[06-08,10]
             23338 amd_large intel_st  olender  R       0:00      1 n13

## Execution node:         n13 


## Number of tasks per job: 20 


## Diretorio de submissao do job:   /home/olender/cse23/spyro 

For scale of 21 by 100
DoFs as Vdim
515868
515868
515868
515868
515868
515868
515868
515868
515868
515868
515868
515868
515868
515868
515868
515868
515868
515868
515868
515868
DoFs as data with halos
(27161,)
(27180,)
(27325,)
(27287,)
(27098,)
(27393,)
(27229,)
(27267,)
(27169,)
(27370,)
(27336,)
(27184,)
(27245,)
(27048,)
(27351,)
(27071,)
(27105,)
(27260,)
(27181,)
(27302,)
DoFs as data
(24322,)
(25913,)
(26003,)
(25287,)
(25435,)
(24176,)
(25493,)
(25956,)
(26265,)
(27048,)
(24261,)
(25466,)
(25799,)
(26179,)
(27169,)
(24304,)
(26320,)
(26900,)
(26391,)
(27181,)




For scale of 22 by 100
DoFs as Vdim
563758
563758
563758
563758
563758
563758
563758
563758
563758
563758
563758
563758
563758
563758
563758
563758
563758
563758
563758
563758
DoFs as data with halos
(29761,)
(29586,)
(29836,)
(29840,)
(29590,)
(29706,)
(29840,)
(29613,)
(29651,)
(29922,)
(29591,)
(29557,)
(29589,)
(29540,)
(29630,)
(29169,)
(29593,)
(27414,)
(29905,)
(28463,)
(29649,)
(29225,)
(29601,)
(28581,)
DoFs as data
(27312,)




For scale of 23 by 100
(27433,)
(28433,)
(27598,)
(27744,)
(27047,)
(28424,)
(27821,)
(29777,)
(28969,)
(28694,)
(27696,)
(28256,)
(27778,)
(27995,)
(29706,)
DoFs as Vdim
678865
678865
678865
678865
678865
678865
678865
678865
678865
678865
678865
678865
678865
678865
678865
678865
678865
678865
678865
678865
DoFs as data with halos
(35477,)
(35520,)
(35580,)
(35799,)
(35649,)
(35679,)
(35635,)
(35612,)
DoFs as data
(35469,)
(35608,)
(35564,)
(33863,)
(35749,)
(31713,)
(35831,)
(33971,)
(35525,)
(34777,)
(35837,)
(34243,)
(35584,)
(33580,)
(35614,)
(34161,)
(35549,)
(33932,)
(35898,)
(35057,)
(35628,)
(34522,)
(31304,)




For scale of 24 by 100
(32724,)
(33868,)
(34993,)
(35455,)
(32744,)
(34525,)
(34684,)
(33114,)
(35635,)
DoFs as Vdim
741812
741812
741812
741812
741812
741812
741812
741812
741812
741812
741812
741812
741812
741812
741812
741812
741812
741812
741812
741812
DoFs as data with halos
(39059,)
(38769,)
(38994,)
(39191,)
(38949,)
(39116,)
(38829,)
(39042,)
(39023,)
(39088,)
(38797,)
(39024,)
(38923,)
(39026,)
(38912,)
(38849,)
(38917,)
(38914,)
(38853,)
(38658,)
DoFs as data
(35998,)
(36624,)
(36352,)
(36631,)
(37387,)
(35176,)
(36121,)
(37267,)
(37590,)
(39116,)
(36092,)
(37178,)
(36612,)
(37884,)
(37661,)
(36022,)
(37074,)
(38450,)
(37654,)
(38923,)




For scale of 26 by 100
DoFs as Vdim
1007407
1007407
1007407
1007407
1007407
1007407
1007407
1007407
1007407
1007407
1007407
1007407
1007407
1007407
1007407
1007407
1007407
1007407
1007407
1007407
DoFs as data with halos
(52433,)
(52963,)
(52584,)
(52635,)
(52711,)
(52726,)
(52558,)
(52587,)
DoFs as data
(52741,)
(52507,)
(49340,)
(52837,)
(50527,)
(52285,)
(51091,)
(52423,)
(50944,)
(52683,)
(49625,)
(52299,)
(50221,)
(52372,)
(50909,)
(52664,)
(52664,)
(52650,)
(49459,)
(52380,)
(50218,)
(52609,)
(51010,)
(48879,)




For scale of 28 by 100
(50167,)
(49825,)
(49722,)
(50410,)
(49885,)
(48405,)
(51519,)
(52587,)
DoFs as Vdim
1223690
1223690
1223690
1223690
1223690
1223690
1223690
1223690
1223690
1223690
1223690
1223690
1223690
1223690
1223690
1223690
1223690
1223690
1223690
1223690
DoFs as data with halos
(63529,)
(63851,)
(63849,)
(63763,)
(63673,)
(63789,)
(63548,)
(63652,)
(63943,)
(63500,)
(63706,)
(63583,)
(64151,)
(63665,)
(63517,)
(63781,)
(63658,)
(63977,)
(62435,)
(63767,)
(63767,)
(63555,)
DoFs as data
(58309,)




For scale of 42 by 100
(59392,)
(62204,)
(60467,)
(62058,)
(60198,)
(61816,)
(61215,)
(60435,)
(62318,)
(59495,)
(60192,)
(60299,)
(61763,)
(63781,)
(59184,)
(61668,)
(62694,)
DoFs as Vdim
4144401
4144401
4144401
4144401
4144401
4144401
4144401
4144401
4144401
4144401
4144401
4144401
4144401
4144401
4144401
4144401
4144401
4144401
4144401
4144401
DoFs as data with halos
(212840,)
(212561,)
(212736,)
(213069,)
(212490,)
(213032,)
(212577,)
(213545,)
(213404,)
(212758,)
(213137,)
(212707,)
(213101,)
(213323,)
(213415,)
(213137,)
(212716,)
(213328,)
(204597,)
(213256,)
(208501,)
(213513,)
(209453,)
DoFs as data
(198015,)




For scale of 44 by 100
(204898,)
(207519,)
(207217,)
(210177,)
(203327,)
(204437,)
(209533,)
(209717,)
(208593,)
(203635,)
(208255,)
(205483,)
(206231,)
(212707,)
(209266,)
(212840,)
DoFs as Vdim
4778155
4778155
4778155
4778155
4778155
4778155
4778155
4778155
4778155
4778155
4778155
4778155
4778155
4778155
4778155
4778155
4778155
4778155
4778155
4778155
DoFs as data with halos
(244988,)
(245033,)
(245301,)
(244909,)
(245186,)
(244966,)
(244660,)
(245654,)
(246091,)
(245025,)
(245070,)
(245497,)
(245125,)
(244559,)
(245800,)
(244644,)
(245383,)
(245808,)
(245488,)
(245124,)
DoFs as data
(244988,)
(240125,)
(235796,)
(237149,)
(245125,)
(236881,)
(238822,)
(241657,)
(240954,)
(245800,)
(230164,)




For scale of 46 by 100
(236881,)
(235429,)
(237799,)
(234836,)
(237387,)
(239918,)
(241337,)
(237312,)
(239795,)
DoFs as Vdim
5486615
5486615
5486615
5486615
5486615
5486615
5486615
5486615
5486615
5486615
5486615
5486615
5486615
5486615
5486615
5486615
5486615
5486615
5486615
5486615
DoFs as data with halos
(280841,)
(282327,)
(280670,)
(281717,)
(281662,)
(280957,)
(281021,)
(281167,)
(281199,)
(280931,)
(282192,)
(280944,)
(281959,)
(281285,)
(281488,)
(281247,)
(281525,)
(281068,)
(281330,)
(281883,)
DoFs as data
(262803,)
(270110,)
(272974,)
(274724,)
(282327,)
(267796,)
(270103,)
(276919,)
(274194,)
(281068,)
(268162,)
(273649,)
(273423,)
(275931,)
(281330,)
(271991,)
(275022,)
(276308,)
(276824,)
(280957,)




For scale of 48 by 100
DoFs as Vdim
6126221
6126221
6126221
6126221
6126221
6126221
6126221
6126221
6126221
6126221
6126221
6126221
6126221
6126221
6126221
6126221
6126221
6126221
6126221
6126221
DoFs as data with halos
(314318,)
(313708,)
(314377,)
(314344,)
(313371,)
(313433,)
(313795,)
(313314,)
(313300,)
(314402,)
(313101,)
(313425,)
(313586,)
(314040,)
(313616,)
(313251,)
(313309,)
(314030,)
(313705,)
(313856,)
DoFs as data
(301774,)
(301286,)
(310170,)
(303926,)
(303870,)
(298179,)
(302513,)
(308526,)
(308198,)
(313708,)
(302710,)
(305619,)
(311082,)
(303886,)
(309297,)
(300860,)
(306633,)
(310586,)
(309693,)
(313705,)





## Job finished on 22-02-2023 as 08:49:54 ###################
