/home/olender/Development/mls_chapter/spyro-1/spyro/io/model_parameters.py:608: UserWarning: No velocity model set initially. If using                         user defined conditional or expression, please                             input it in the Wave object.
  warnings.warn(
/home/olender/Development/mls_chapter/spyro-1/spyro/solvers/wave.py:86: UserWarning: No mesh file, Firedrake mesh will be automatically generated.
  warnings.warn(
/home/public/app/firedrake_gnu_042022/firedrake/src/firedrake/firedrake/assemble.py:208: DeprecationWarning: create_assembly_callable is now deprecated. Please use assemble or FormAssembler instead.
  warnings.warn("create_assembly_callable is now deprecated. Please use assemble or FormAssembler instead.",
/home/olender/Development/mls_chapter/spyro-1/spyro/io/model_parameters.py:608: UserWarning: No velocity model set initially. If using                         user defined conditional or expression, please                             input it in the Wave object.
  warnings.warn(
/home/olender/Development/mls_chapter/spyro-1/spyro/solvers/wave.py:86: UserWarning: No mesh file, Firedrake mesh will be automatically generated.
  warnings.warn(
/home/public/app/firedrake_gnu_042022/firedrake/src/firedrake/firedrake/assemble.py:208: DeprecationWarning: create_assembly_callable is now deprecated. Please use assemble or FormAssembler instead.
  warnings.warn("create_assembly_callable is now deprecated. Please use assemble or FormAssembler instead.",
/home/olender/Development/mls_chapter/spyro-1/spyro/io/model_parameters.py:608: UserWarning: No velocity model set initially. If using                         user defined conditional or expression, please                             input it in the Wave object.
  warnings.warn(
/home/olender/Development/mls_chapter/spyro-1/spyro/solvers/wave.py:86: UserWarning: No mesh file, Firedrake mesh will be automatically generated.
  warnings.warn(
/home/public/app/firedrake_gnu_042022/firedrake/src/firedrake/firedrake/assemble.py:208: DeprecationWarning: create_assembly_callable is now deprecated. Please use assemble or FormAssembler instead.
  warnings.warn("create_assembly_callable is now deprecated. Please use assemble or FormAssembler instead.",
/home/olender/Development/mls_chapter/spyro-1/spyro/io/model_parameters.py:608: UserWarning: No velocity model set initially. If using                         user defined conditional or expression, please                             input it in the Wave object.
  warnings.warn(
/home/olender/Development/mls_chapter/spyro-1/spyro/solvers/wave.py:86: UserWarning: No mesh file, Firedrake mesh will be automatically generated.
  warnings.warn(
/home/public/app/firedrake_gnu_042022/firedrake/src/firedrake/firedrake/assemble.py:208: DeprecationWarning: create_assembly_callable is now deprecated. Please use assemble or FormAssembler instead.
  warnings.warn("create_assembly_callable is now deprecated. Please use assemble or FormAssembler instead.",
/home/olender/Development/mls_chapter/spyro-1/spyro/io/model_parameters.py:608: UserWarning: No velocity model set initially. If using                         user defined conditional or expression, please                             input it in the Wave object.
  warnings.warn(
/home/olender/Development/mls_chapter/spyro-1/spyro/solvers/wave.py:86: UserWarning: No mesh file, Firedrake mesh will be automatically generated.
  warnings.warn(
/home/public/app/firedrake_gnu_042022/firedrake/src/firedrake/firedrake/assemble.py:208: DeprecationWarning: create_assembly_callable is now deprecated. Please use assemble or FormAssembler instead.
  warnings.warn("create_assembly_callable is now deprecated. Please use assemble or FormAssembler instead.",
/home/olender/Development/mls_chapter/spyro-1/spyro/io/model_parameters.py:608: UserWarning: No velocity model set initially. If using                         user defined conditional or expression, please                             input it in the Wave object.
  warnings.warn(
/home/olender/Development/mls_chapter/spyro-1/spyro/solvers/wave.py:86: UserWarning: No mesh file, Firedrake mesh will be automatically generated.
  warnings.warn(
/home/public/app/firedrake_gnu_042022/firedrake/src/firedrake/firedrake/assemble.py:208: DeprecationWarning: create_assembly_callable is now deprecated. Please use assemble or FormAssembler instead.
  warnings.warn("create_assembly_callable is now deprecated. Please use assemble or FormAssembler instead.",
/home/olender/Development/mls_chapter/spyro-1/spyro/io/model_parameters.py:608: UserWarning: No velocity model set initially. If using                         user defined conditional or expression, please                             input it in the Wave object.
  warnings.warn(
/home/olender/Development/mls_chapter/spyro-1/spyro/solvers/wave.py:86: UserWarning: No mesh file, Firedrake mesh will be automatically generated.
  warnings.warn(
/home/public/app/firedrake_gnu_042022/firedrake/src/firedrake/firedrake/assemble.py:208: DeprecationWarning: create_assembly_callable is now deprecated. Please use assemble or FormAssembler instead.
  warnings.warn("create_assembly_callable is now deprecated. Please use assemble or FormAssembler instead.",
/home/olender/Development/mls_chapter/spyro-1/spyro/io/model_parameters.py:608: UserWarning: No velocity model set initially. If using                         user defined conditional or expression, please                             input it in the Wave object.
  warnings.warn(
/home/olender/Development/mls_chapter/spyro-1/spyro/solvers/wave.py:86: UserWarning: No mesh file, Firedrake mesh will be automatically generated.
  warnings.warn(
/home/public/app/firedrake_gnu_042022/firedrake/src/firedrake/firedrake/assemble.py:208: DeprecationWarning: create_assembly_callable is now deprecated. Please use assemble or FormAssembler instead.
  warnings.warn("create_assembly_callable is now deprecated. Please use assemble or FormAssembler instead.",
/home/olender/Development/mls_chapter/spyro-1/spyro/io/model_parameters.py:608: UserWarning: No velocity model set initially. If using                         user defined conditional or expression, please                             input it in the Wave object.
  warnings.warn(
/home/olender/Development/mls_chapter/spyro-1/spyro/solvers/wave.py:86: UserWarning: No mesh file, Firedrake mesh will be automatically generated.
  warnings.warn(
/home/public/app/firedrake_gnu_042022/firedrake/src/firedrake/firedrake/assemble.py:208: DeprecationWarning: create_assembly_callable is now deprecated. Please use assemble or FormAssembler instead.
  warnings.warn("create_assembly_callable is now deprecated. Please use assemble or FormAssembler instead.",
/home/olender/Development/mls_chapter/spyro-1/spyro/io/model_parameters.py:608: UserWarning: No velocity model set initially. If using                         user defined conditional or expression, please                             input it in the Wave object.
  warnings.warn(
/home/olender/Development/mls_chapter/spyro-1/spyro/solvers/wave.py:86: UserWarning: No mesh file, Firedrake mesh will be automatically generated.
  warnings.warn(
/home/public/app/firedrake_gnu_042022/firedrake/src/firedrake/firedrake/assemble.py:208: DeprecationWarning: create_assembly_callable is now deprecated. Please use assemble or FormAssembler instead.
  warnings.warn("create_assembly_callable is now deprecated. Please use assemble or FormAssembler instead.",
