
## Job started at 25-10-2023 as 17:31:44 #####################


## Jobs activated by olender: 

             JOBID PARTITION     NAME     USER ST       TIME  NODES NODELIST(REASON)
             24605 intel_lar results3  olender  R    2:52:22      1 n03
             24608 intel_lar results3  olender  R       5:55      1 n04
             24609 intel_lar results2  olender  R       0:01      1 n06

## Execution node:         n06 


## Number of tasks per job: 40 


## Diretorio de submissao do job:   /home/olender/Development/mls_chapter/spyro-1 

Saving output in: results/extended_pml_propagationsn0.pvd
Simulation time is:        0.0 seconds
Simulation time is:       0.02 seconds
Simulation time is:       0.04 seconds
Simulation time is:       0.06 seconds
Simulation time is:       0.08 seconds
Simulation time is:        0.1 seconds
Simulation time is:       0.12 seconds
Simulation time is:       0.14 seconds
Simulation time is:       0.16 seconds
Simulation time is:       0.18 seconds
Simulation time is:        0.2 seconds
Simulation time is:       0.22 seconds
Simulation time is:       0.24 seconds
Simulation time is:       0.26 seconds
Simulation time is:       0.28 seconds
Simulation time is:        0.3 seconds
Simulation time is:       0.32 seconds
Simulation time is:       0.34 seconds
Simulation time is:       0.36 seconds
Simulation time is:       0.38 seconds
Simulation time is:        0.4 seconds
Simulation time is:       0.42 seconds
Simulation time is:       0.44 seconds
Simulation time is:       0.46 seconds
Simulation time is:       0.48 seconds
Simulation time is:        0.5 seconds
Simulation time is:       0.52 seconds
Simulation time is:       0.54 seconds
Simulation time is:       0.56 seconds
Simulation time is:       0.58 seconds
Simulation time is:        0.6 seconds
Simulation time is:       0.62 seconds
Simulation time is:       0.64 seconds
Simulation time is:       0.66 seconds
Simulation time is:       0.68 seconds
Simulation time is:        0.7 seconds
Simulation time is:       0.72 seconds
Simulation time is:       0.74 seconds
Simulation time is:       0.76 seconds
Simulation time is:       0.78 seconds
Simulation time is:        0.8 seconds
Simulation time is:       0.82 seconds
Simulation time is:       0.84 seconds
Simulation time is:       0.86 seconds
Simulation time is:       0.88 seconds
Simulation time is:        0.9 seconds
Simulation time is:       0.92 seconds
Simulation time is:       0.94 seconds
Simulation time is:       0.96 seconds
Simulation time is:       0.98 seconds
Simulation time is:        1.0 seconds
Simulation time is:       1.02 seconds
Simulation time is:       1.04 seconds
Simulation time is:       1.06 seconds
Simulation time is:       1.08 seconds
Simulation time is:        1.1 seconds
Simulation time is:       1.12 seconds
Simulation time is:       1.14 seconds
Simulation time is:       1.16 seconds
Simulation time is:       1.18 seconds
Simulation time is:        1.2 seconds
Simulation time is:       1.22 seconds
Simulation time is:       1.24 seconds
Simulation time is:       1.26 seconds
Simulation time is:       1.28 seconds
Simulation time is:        1.3 seconds
Simulation time is:       1.32 seconds
Simulation time is:       1.34 seconds
Simulation time is:       1.36 seconds
Simulation time is:       1.38 seconds
Simulation time is:        1.4 seconds
Spatial parallelism, reducing to comm 0
Time elapsed:  81.96546483039856
Error of 0.03445968721620026
Time elapsed:  81.96579384803772
Error of 0.03445968721620026
Time elapsed:  81.96442341804504
Error of 0.03445968721620026
Time elapsed:  81.95247721672058
Error of 0.03445968721620026
Time elapsed:  81.96575808525085
Error of 0.03445968721620026
Time elapsed:  81.96592140197754
Error of 0.03445968721620026
Time elapsed:  81.96500444412231
Error of 0.03445968721620026
Time elapsed:  81.96426272392273
Error of 0.03445968721620026
Time elapsed:  81.9642698764801
Error of 0.03445968721620026
Time elapsed:  81.9642243385315
Error of 0.03445968721620026

## Job finished on 25-10-2023 as 17:33:21 ###################
